Debug mode enabled
=== Yupoo Import ===
URL: https://297228164.x.yupoo.com/albums
Max albums: No limit
Debug mode: Enabled
[2025-08-18 00:39:53] [YupooService] [info] Starting Yupoo import from: https://297228164.x.yupoo.com/albums
[2025-08-18 00:39:53] [YupooService] [info] Fetching albums from: https://297228164.x.yupoo.com/albums
{
    "page": 1,
    "limit": null
}
* Host 297228164.x.yupoo.com:443 was resolved.
* IPv6: (none)
* IPv4: 129.227.137.236
*   Trying 129.227.137.236:443...
* Connected to 297228164.x.yupoo.com (129.227.137.236) port 443
* ALPN: curl offers http/1.1
* SSL connection using TLSv1.3 / TLS_AES_256_GCM_SHA384 / X25519 / RSASSA-PSS
* ALPN: server accepted http/1.1
* Server certificate:
*  subject: CN=yupoo.com
*  start date: Jun 12 02:21:19 2025 GMT
*  expire date: Sep 10 02:21:18 2025 GMT
*  issuer: C=US; O=Let's Encrypt; CN=R11
*  SSL certificate verify result: unable to get local issuer certificate (20), continuing anyway.
*   Certificate level 0: Public key type RSA (2048/112 Bits/secBits), signed using sha256WithRSAEncryption
*   Certificate level 1: Public key type RSA (2048/112 Bits/secBits), signed using sha256WithRSAEncryption
* using HTTP/1.x
> GET /albums?_=1755477593 HTTP/1.1
Host: 297228164.x.yupoo.com
User-Agent: Mozilla/5.0 (Windows NT 10.0; Win64; x64) AppleWebKit/537.36 (KHTML, like Gecko) Chrome/91.0.4472.124 Safari/537.36
Accept: text/html,application/xhtml+xml,application/xml;q=0.9,image/webp,*/*;q=0.8
Accept-Language: en-US,en;q=0.5
Referer: https://297228164.x.yupoo.com/albums
Accept-Encoding: gzip, deflate, br
DNT: 1
Connection: keep-alive
Upgrade-Insecure-Requests: 1
Cache-Control: no-cache
Pragma: no-cache

* Request completely sent off
* old SSL session ID is stale, removing
< HTTP/1.1 200 OK
< Content-Type: text/html; charset=utf-8
< Content-Length: 299050
< Connection: keep-alive
< X-Powered-By: Express
< Set-Cookie: language=en-US; Max-Age=315360000; Domain=.yupoo.com; Path=/; Expires=Thu, 16 Aug 2035 00:39:57 GMT
< ETag: W/"4902a-BlPiFBnVzsKJoChx48xNWkZhXhs"
< Date: Mon, 18 Aug 2025 00:39:57 GMT
< X-Request-Id: 2185efab-a0bd-4211-9887-07051511b22f
< Server: APISIX/2.15.3
< 
* Connection #0 to host 297228164.x.yupoo.com left intact
[2025-08-18 00:39:55] [YupooService] [info] Found 43 albums to process
[2025-08-18 00:39:55] [YupooService] [info] Processing album 1/43: Women's clothing (URL: https://297228164.x.yupoo.com/albums/albums/191167769?uid=1)
[2025-08-18 00:39:55] [YupooService] [info] Processing album 2/43: Ms.Dress (URL: https://297228164.x.yupoo.com/albums/albums/191167499?uid=1)
[2025-08-18 00:39:55] [YupooService] [info] Processing album 3/43: Belt (URL: https://297228164.x.yupoo.com/albums/albums/191074937?uid=1)
[2025-08-18 00:39:55] [YupooService] [info] Processing album 4/43: Men's underwear (URL: https://297228164.x.yupoo.com/albums/albums/191072931?uid=1)
[2025-08-18 00:39:55] [YupooService] [info] Processing album 5/43: Socks (URL: https://297228164.x.yupoo.com/albums/albums/186096036?uid=1)
[2025-08-18 00:39:55] [YupooService] [info] Processing album 6/43: Bedclothes (URL: https://297228164.x.yupoo.com/albums/albums/186095711?uid=1)
[2025-08-18 00:39:55] [YupooService] [info] Processing album 7/43: watch (URL: https://297228164.x.yupoo.com/albums/albums/186090582?uid=1)
[2025-08-18 00:39:55] [YupooService] [info] Processing album 8/43: Man (URL: https://297228164.x.yupoo.com/albums/albums/185342028?uid=1)
[2025-08-18 00:39:55] [YupooService] [info] Processing album 9/43: Man T-shirtT (URL: https://297228164.x.yupoo.com/albums/albums/183010115?uid=1)
[2025-08-18 00:39:55] [YupooService] [info] Processing album 10/43: Down coat (URL: https://297228164.x.yupoo.com/albums/albums/182999989?uid=1)
[2025-08-18 00:39:55] [YupooService] [info] Created album: Down coat
[2025-08-18 00:39:55] [YupooService] [info] Fetching images from album: https://297228164.x.yupoo.com/albums/albums/182999989?uid=1
